<?xml version="1.0" encoding="UTF-8"?>
<testsuite name="TestClass" tests="1" skipped="0" failures="0" errors="0" timestamp="2021-07-26T16:57:18" hostname="NHANDUONG" time="8.803">
  <properties/>
  <testcase name="openGooglePage" classname="TestClass" time="8.803"/>
  <system-out><![CDATA[]]></system-out>
  <system-err><![CDATA[SLF4J: Failed to load class "org.slf4j.impl.StaticLoggerBinder".
SLF4J: Defaulting to no-operation (NOP) logger implementation
SLF4J: See http://www.slf4j.org/codes.html#StaticLoggerBinder for further details.
1627318639807	geckodriver	INFO	Listening on 127.0.0.1:36242
1627318641357	mozrunner::runner	INFO	Running command: "C:\\Program Files\\Mozilla Firefox\\firefox.exe" "--marionette" "--remote-debugging-port" "0" "-foreground" "-no-remote" "-profile" "C:\\Users\\Duong\\AppData\\Local\\Temp\\rust_mozprofileB7Mqwc"
console.warn: SearchSettings: "get: No settings file exists, new profile?" (new Error("", "(unknown module)"))
console.warn: SearchSettings: "get: No settings file exists, new profile?" (new Error("", "(unknown module)"))
1627318644749	Marionette	INFO	Listening on port 62014
1627318645052	Marionette	WARN	TLS certificate errors will be ignored for this session
1627318645074	Marionette	ERROR	[15] No reply from Marionette:Register
Jul 26, 2021 12:57:25 PM org.openqa.selenium.remote.ProtocolHandshake createSession
INFO: Detected dialect: W3C
]]></system-err>
</testsuite>
